

2017-04-06 15:23:52 131355
************************************************************
NORMAL:aa
total_count:2
[["one","two"],["one","two"]]



2017-04-06 15:24:08 015263
************************************************************
NORMAL:aa
[["one","two"],["one","two"]]


2017-04-06 15:24:21 783051
************************************************************
NORMAL:aa
["one","two"]


2017-04-06 15:24:53 495865
************************************************************
NORMAL:aa
["one","two"]


2017-04-06 15:25:13 789025
************************************************************
NORMAL:aa
[]


2017-04-06 15:25:32 325086
************************************************************
NORMAL:aa
["one","two"]


2017-04-06 15:25:42 466666
************************************************************
NORMAL:aa
["one","two"]


2017-04-06 15:26:53 280716
************************************************************
NORMAL:aa
{"0":"one","1":"two"}
